<?xml version="1.0" encoding="UTF-8"?>
<testsuite xmlns:xsi="http://www.w3.org/2001/XMLSchema-instance" xsi:noNamespaceSchemaLocation="https://maven.apache.org/surefire/maven-surefire-plugin/xsd/surefire-test-report-3.0.xsd" version="3.0" name="com.kubadziworski.domain.scope.ClassPathScopeTest" time="0.053" tests="4" errors="0" skipped="0" failures="0">
  <properties>
[...]
</properties>
  <testcase name="GetMethodSignature" classname="com.kubadziworski.domain.scope.ClassPathScopeTest" time="0.044"/>
  <testcase name="GetConstructorSignature should not return private method" classname="com.kubadziworski.domain.scope.ClassPathScopeTest" time="0.0"/>
  <testcase name="GetConstructorSignature" classname="com.kubadziworski.domain.scope.ClassPathScopeTest" time="0.005"/>
  <testcase name="GetConstructorSignature should not return private Constructor" classname="com.kubadziworski.domain.scope.ClassPathScopeTest" time="0.0"/>
</testsuite>