<?xml version="1.0" encoding="UTF-8"?>
<testsuite xmlns:xsi="http://www.w3.org/2001/XMLSchema-instance" xsi:noNamespaceSchemaLocation="https://maven.apache.org/surefire/maven-surefire-plugin/xsd/surefire-test-report-3.0.xsd" version="3.0" name="com.kubadziworski.integration.ShouldCompileAndRunTest" time="0.5" tests="14" errors="3" skipped="0" failures="0">
  <properties>
[...]
</properties>
  <testcase name="Should Compile and run[0]" classname="com.kubadziworski.integration.ShouldCompileAndRunTest" time="0.282">
    <system-out><![CDATA[2024-05-03 14:47:20,732 : Trying to parse 'D:\programs\java\github\Enkel-JVM-language\compiler\..\EnkelExamples\HelloWorld.enk'.
2024-05-03 14:47:20,867 : Finished Parsing. Started compiling to bytecode.
2024-05-03 14:47:20,896 : Finished Compiling. Saving bytecode to 'D:\programs\java\github\Enkel-JVM-language\compiler\HelloWorld.class'.
2024-05-03 14:47:20,900 : Done. To run compiled file execute: 'java HelloWorld' in current dir
hello world!
]]></system-out>
  </testcase>
  <testcase name="Should Compile and run[1]" classname="com.kubadziworski.integration.ShouldCompileAndRunTest" time="0.025">
    <system-out><![CDATA[2024-05-03 14:47:20,961 : Trying to parse 'D:\programs\java\github\Enkel-JVM-language\compiler\..\EnkelExamples\Loops.enk'.
2024-05-03 14:47:20,969 : Finished Parsing. Started compiling to bytecode.
2024-05-03 14:47:20,971 : Finished Compiling. Saving bytecode to 'D:\programs\java\github\Enkel-JVM-language\compiler\Loops.class'.
2024-05-03 14:47:20,971 : Done. To run compiled file execute: 'java Loops' in current dir
incrementing from 1 to 10
1
2
3
4
5
6
7
8
9
10
decrementing from 10 to 1
10
9
8
7
6
5
4
3
2
1
]]></system-out>
  </testcase>
  <testcase name="Should Compile and run[2]" classname="com.kubadziworski.integration.ShouldCompileAndRunTest" time="0.017">
    <system-out><![CDATA[2024-05-03 14:47:20,974 : Trying to parse 'D:\programs\java\github\Enkel-JVM-language\compiler\..\EnkelExamples\AllPrimitiveTypes.enk'.
2024-05-03 14:47:20,997 : Finished Parsing. Started compiling to bytecode.
2024-05-03 14:47:20,998 : Finished Compiling. Saving bytecode to 'D:\programs\java\github\Enkel-JVM-language\compiler\AllPrimitiveTypes.class'.
2024-05-03 14:47:20,998 : Done. To run compiled file execute: 'java AllPrimitiveTypes' in current dir
stringVar=str, booleanVar=false, integerVar=2745, doubleVar=2343.05
5.0 is the sum of 2.5 and 2.5
]]></system-out>
  </testcase>
  <testcase name="Should Compile and run[3]" classname="com.kubadziworski.integration.ShouldCompileAndRunTest" time="0.017">
    <system-out><![CDATA[2024-05-03 14:47:21,002 : Trying to parse 'D:\programs\java\github\Enkel-JVM-language\compiler\..\EnkelExamples\DefaultParamTest.enk'.
2024-05-03 14:47:21,012 : Finished Parsing. Started compiling to bytecode.
2024-05-03 14:47:21,013 : Finished Compiling. Saving bytecode to 'D:\programs\java\github\Enkel-JVM-language\compiler\DefaultParamTest.class'.
2024-05-03 14:47:21,014 : Done. To run compiled file execute: 'java DefaultParamTest' in current dir
Hello my name is 
kuba
and my favourite langugage is 
enkel
Hello my name is 
andrew
and my favourite langugage is 
java
]]></system-out>
  </testcase>
  <testcase name="Should Compile and run[4]" classname="com.kubadziworski.integration.ShouldCompileAndRunTest" time="0.005">
    <system-out><![CDATA[2024-05-03 14:47:21,018 : Trying to parse 'D:\programs\java\github\Enkel-JVM-language\compiler\..\EnkelExamples\Fields.enk'.
2024-05-03 14:47:21,021 : Finished Parsing. Started compiling to bytecode.
2024-05-03 14:47:21,022 : Finished Compiling. Saving bytecode to 'D:\programs\java\github\Enkel-JVM-language\compiler\Fields.class'.
2024-05-03 14:47:21,022 : Done. To run compiled file execute: 'java Fields' in current dir
5
]]></system-out>
  </testcase>
  <testcase name="Should Compile and run[5]" classname="com.kubadziworski.integration.ShouldCompileAndRunTest" time="0.02">
    <system-out><![CDATA[2024-05-03 14:47:21,026 : Trying to parse 'D:\programs\java\github\Enkel-JVM-language\compiler\..\EnkelExamples\NamedParamsTest.enk'.
2024-05-03 14:47:21,035 : Finished Parsing. Started compiling to bytecode.
2024-05-03 14:47:21,039 : Finished Compiling. Saving bytecode to 'D:\programs\java\github\Enkel-JVM-language\compiler\NamedParamsTest.class'.
2024-05-03 14:47:21,039 : Done. To run compiled file execute: 'java NamedParamsTest' in current dir
Created rect with x1=25 y1=-25 x2=50 y2=-50
]]></system-out>
  </testcase>
  <testcase name="Should Compile and run[6]" classname="com.kubadziworski.integration.ShouldCompileAndRunTest" time="0.017">
    <system-out><![CDATA[2024-05-03 14:47:21,045 : Trying to parse 'D:\programs\java\github\Enkel-JVM-language\compiler\..\EnkelExamples\SumCalculator.enk'.
2024-05-03 14:47:21,055 : Finished Parsing. Started compiling to bytecode.
2024-05-03 14:47:21,056 : Finished Compiling. Saving bytecode to 'D:\programs\java\github\Enkel-JVM-language\compiler\SumCalculator.class'.
2024-05-03 14:47:21,056 : Done. To run compiled file execute: 'java SumCalculator' in current dir
test passed
]]></system-out>
  </testcase>
  <testcase name="Should Compile and run[7]" classname="com.kubadziworski.integration.ShouldCompileAndRunTest" time="0.02">
    <error message="DefaultConstructor" type="java.lang.ClassNotFoundException"><![CDATA[java.lang.ClassNotFoundException: DefaultConstructor
	at java.net.URLClassLoader.findClass(URLClassLoader.java:382)
	at java.lang.ClassLoader.loadClass(ClassLoader.java:418)
	at java.lang.ClassLoader.loadClass(ClassLoader.java:351)
	at com.kubadziworski.integration.ShouldCompileAndRunTest.Should Compile and run(ShouldCompileAndRunTest.groovy:23)
]]></error>
    <system-out><![CDATA[2024-05-03 14:47:21,060 : Trying to parse 'D:\programs\java\github\Enkel-JVM-language\compiler\..\EnkelExamples\DefaultConstructor.enk'.
2024-05-03 14:47:21,061 : ERROR: D:\programs\java\github\Enkel-JVM-language\compiler\..\EnkelExamples\DefaultConstructor.enk (Не удается найти указанный файл)
]]></system-out>
  </testcase>
  <testcase name="Should Compile and run[8]" classname="com.kubadziworski.integration.ShouldCompileAndRunTest" time="0.006">
    <error message="ParameterLessConstructor" type="java.lang.ClassNotFoundException"><![CDATA[java.lang.ClassNotFoundException: ParameterLessConstructor
	at java.net.URLClassLoader.findClass(URLClassLoader.java:382)
	at java.lang.ClassLoader.loadClass(ClassLoader.java:418)
	at java.lang.ClassLoader.loadClass(ClassLoader.java:351)
	at com.kubadziworski.integration.ShouldCompileAndRunTest.Should Compile and run(ShouldCompileAndRunTest.groovy:23)
]]></error>
    <system-out><![CDATA[2024-05-03 14:47:21,076 : Trying to parse 'D:\programs\java\github\Enkel-JVM-language\compiler\..\EnkelExamples\ParameterLessConstructor.enk'.
2024-05-03 14:47:21,076 : ERROR: D:\programs\java\github\Enkel-JVM-language\compiler\..\EnkelExamples\ParameterLessConstructor.enk (Не удается найти указанный файл)
]]></system-out>
  </testcase>
  <testcase name="Should Compile and run[9]" classname="com.kubadziworski.integration.ShouldCompileAndRunTest" time="0.012">
    <error message="ConstructorWithParams" type="java.lang.ClassNotFoundException"><![CDATA[java.lang.ClassNotFoundException: ConstructorWithParams
	at java.net.URLClassLoader.findClass(URLClassLoader.java:382)
	at java.lang.ClassLoader.loadClass(ClassLoader.java:418)
	at java.lang.ClassLoader.loadClass(ClassLoader.java:351)
	at com.kubadziworski.integration.ShouldCompileAndRunTest.Should Compile and run(ShouldCompileAndRunTest.groovy:23)
]]></error>
    <system-out><![CDATA[2024-05-03 14:47:21,083 : Trying to parse 'D:\programs\java\github\Enkel-JVM-language\compiler\..\EnkelExamples\ConstructorWithParams.enk'.
2024-05-03 14:47:21,083 : ERROR: D:\programs\java\github\Enkel-JVM-language\compiler\..\EnkelExamples\ConstructorWithParams.enk (Не удается найти указанный файл)
]]></system-out>
  </testcase>
  <testcase name="Should Compile and run[10]" classname="com.kubadziworski.integration.ShouldCompileAndRunTest" time="0.062">
    <system-out><![CDATA[2024-05-03 14:47:21,085 : Trying to parse 'D:\programs\java\github\Enkel-JVM-language\compiler\..\EnkelExamples\EqualitySyntax.enk'.
2024-05-03 14:47:21,127 : Finished Parsing. Started compiling to bytecode.
2024-05-03 14:47:21,147 : Finished Compiling. Saving bytecode to 'D:\programs\java\github\Enkel-JVM-language\compiler\EqualitySyntax.class'.
2024-05-03 14:47:21,148 : Done. To run compiled file execute: 'java EqualitySyntax' in current dir
Comparing integer 3 and 3
OK
OK
OK
OK
OK
OK
Comparing primitive 3 and 3
OK
OK
OK
OK
OK
OK
Comparing primitive 3 and 4
OK
OK
OK
OK
OK
OK
Comparing integer 3 and 4
OK
OK
OK
OK
OK
OK
]]></system-out>
  </testcase>
  <testcase name="Should Compile and run[11]" classname="com.kubadziworski.integration.ShouldCompileAndRunTest" time="0.004">
    <system-out><![CDATA[2024-05-03 14:47:21,152 : Trying to parse 'D:\programs\java\github\Enkel-JVM-language\compiler\..\EnkelExamples\Constructor\ConstructorWithParams.enk'.
2024-05-03 14:47:21,154 : Finished Parsing. Started compiling to bytecode.
2024-05-03 14:47:21,156 : Finished Compiling. Saving bytecode to 'D:\programs\java\github\Enkel-JVM-language\compiler\ConstructorWithParams.class'.
2024-05-03 14:47:21,158 : Done. To run compiled file execute: 'java ConstructorWithParams' in current dir
Hey I am constructor with parameter x = 5
doing stuff on ConstructorWithParams instance
]]></system-out>
  </testcase>
  <testcase name="Should Compile and run[12]" classname="com.kubadziworski.integration.ShouldCompileAndRunTest" time="0.003">
    <system-out><![CDATA[2024-05-03 14:47:21,162 : Trying to parse 'D:\programs\java\github\Enkel-JVM-language\compiler\..\EnkelExamples\Constructor\DefaultConstructor.enk'.
2024-05-03 14:47:21,163 : Finished Parsing. Started compiling to bytecode.
2024-05-03 14:47:21,164 : Finished Compiling. Saving bytecode to 'D:\programs\java\github\Enkel-JVM-language\compiler\DefaultConstructor.class'.
2024-05-03 14:47:21,164 : Done. To run compiled file execute: 'java DefaultConstructor' in current dir
Hey I am 'start' method. I am not static so the default constructor must have been called, even though it is not defined
]]></system-out>
  </testcase>
  <testcase name="Should Compile and run[13]" classname="com.kubadziworski.integration.ShouldCompileAndRunTest" time="0.002">
    <system-out><![CDATA[2024-05-03 14:47:21,169 : Trying to parse 'D:\programs\java\github\Enkel-JVM-language\compiler\..\EnkelExamples\Constructor\ParameterLessConstructor.enk'.
2024-05-03 14:47:21,170 : Finished Parsing. Started compiling to bytecode.
2024-05-03 14:47:21,171 : Finished Compiling. Saving bytecode to 'D:\programs\java\github\Enkel-JVM-language\compiler\ParameterLessConstructor.class'.
2024-05-03 14:47:21,172 : Done. To run compiled file execute: 'java ParameterLessConstructor' in current dir
Hey I am constructor without parameters
doing stuff on ParameterLessConstructor object
]]></system-out>
  </testcase>
</testsuite>